<?xml version="1.0" encoding="UTF-8"?>
<!-- Generated by org.testng.reporters.JUnitXMLReporter -->
<testsuite ignored="4" hostname="LTIN485623" failures="0" tests="12" name="Test" time="110.524" errors="0" timestamp="2024-04-05T16:47:23 IST">
  <testcase classname="testCases.TC_001_BikeDetails" name="clickOnNewBikes" time="1.025"/>
  <testcase classname="testCases.TC_001_BikeDetails" name="clickOnUpcomingBikes" time="2.422"/>
  <testcase classname="testCases.TC_001_BikeDetails" name="selectHondaBikes" time="0.985"/>
  <testcase classname="testCases.TC_001_BikeDetails" name="hondaUpcomingBikes" time="1.264"/>
  <testcase classname="testCases.TC_002_CarDetails" name="moveToUsedCars" time="1.728"/>
  <testcase classname="testCases.TC_002_CarDetails" name="selectCity" time="3.987"/>
  <testcase classname="testCases.TC_002_CarDetails" name="popularCars" time="0.138"/>
  <testcase classname="testCases.TC_003_Login" name="navigateToHomePage" time="1.554"/>
  <testcase classname="testCases.TC_003_Login" name="clickOnLogin" time="0.531"/>
  <testcase classname="testCases.TC_003_Login" name="driverSwitchToGoogle" time="1.284"/>
  <testcase classname="testCases.TC_003_Login" name="enteringInvalidEmail" time="41.856"/>
  <testcase classname="testCases.TC_003_Login" name="enteringInvalidEmail" time="40.836"/>
  <testcase classname="testBase.BaseClass" name="@BeforeTest setUp" time="0.0">
    <ignored/>
  </testcase> <!-- @BeforeTest setUp -->
  <testcase classname="testBase.BaseClass" name="@BeforeTest setUp" time="0.0">
    <ignored/>
  </testcase> <!-- @BeforeTest setUp -->
  <testcase classname="testBase.BaseClass" name="@AfterTest tearDown" time="0.0">
    <ignored/>
  </testcase> <!-- @AfterTest tearDown -->
  <testcase classname="testBase.BaseClass" name="@AfterTest tearDown" time="0.0">
    <ignored/>
  </testcase> <!-- @AfterTest tearDown -->
</testsuite> <!-- Test -->
