<?xml version="1.0" encoding="UTF-8"?>
<testng-results ignored="4" total="16" passed="12" failed="0" skipped="0">
  <reporter-output>
  </reporter-output>
  <suite started-at="2024-04-05T16:45:32 IST" name="Suite" finished-at="2024-04-05T16:47:23 IST" duration-ms="110524">
    <groups>
    </groups>
    <test started-at="2024-04-05T16:45:32 IST" name="Test" finished-at="2024-04-05T16:47:23 IST" duration-ms="110524">
      <class name="testCases.TC_003_Login">
        <test-method signature="navigateToHomePage()[pri:1, instance:testCases.TC_003_Login@72f926e6]" started-at="2024-04-05T16:45:55 IST" name="navigateToHomePage" finished-at="2024-04-05T16:45:56 IST" duration-ms="1554" status="PASS">
          <reporter-output>
          </reporter-output>
        </test-method> <!-- navigateToHomePage -->
        <test-method signature="clickOnLogin()[pri:2, instance:testCases.TC_003_Login@72f926e6]" started-at="2024-04-05T16:45:56 IST" name="clickOnLogin" finished-at="2024-04-05T16:45:57 IST" duration-ms="531" status="PASS">
          <reporter-output>
          </reporter-output>
        </test-method> <!-- clickOnLogin -->
        <test-method signature="driverSwitchToGoogle()[pri:3, instance:testCases.TC_003_Login@72f926e6]" started-at="2024-04-05T16:45:57 IST" name="driverSwitchToGoogle" finished-at="2024-04-05T16:45:59 IST" depends-on-methods="testCases.TC_003_Login.navigateToHomePage" duration-ms="1284" status="PASS">
          <reporter-output>
          </reporter-output>
        </test-method> <!-- driverSwitchToGoogle -->
        <test-method signature="enteringInvalidEmail()[pri:4, instance:testCases.TC_003_Login@72f926e6]" started-at="2024-04-05T16:45:59 IST" name="enteringInvalidEmail" finished-at="2024-04-05T16:46:40 IST" depends-on-methods="testCases.TC_003_Login.driverSwitchToGoogle" duration-ms="41856" status="PASS">
          <reporter-output>
          </reporter-output>
        </test-method> <!-- enteringInvalidEmail -->
        <test-method signature="enteringInvalidEmail()[pri:4, instance:testCases.TC_003_Login@72f926e6]" started-at="2024-04-05T16:46:41 IST" name="enteringInvalidEmail" finished-at="2024-04-05T16:47:21 IST" depends-on-methods="testCases.TC_003_Login.driverSwitchToGoogle" duration-ms="40836" status="PASS">
          <reporter-output>
          </reporter-output>
        </test-method> <!-- enteringInvalidEmail -->
      </class> <!-- testCases.TC_003_Login -->
      <class name="testCases.TC_002_CarDetails">
        <test-method signature="moveToUsedCars()[pri:1, instance:testCases.TC_002_CarDetails@39529185]" started-at="2024-04-05T16:45:48 IST" name="moveToUsedCars" finished-at="2024-04-05T16:45:50 IST" duration-ms="1728" status="PASS">
          <reporter-output>
          </reporter-output>
        </test-method> <!-- moveToUsedCars -->
        <test-method signature="selectCity()[pri:2, instance:testCases.TC_002_CarDetails@39529185]" started-at="2024-04-05T16:45:50 IST" name="selectCity" finished-at="2024-04-05T16:45:54 IST" depends-on-methods="testCases.TC_002_CarDetails.moveToUsedCars" duration-ms="3987" status="PASS">
          <reporter-output>
          </reporter-output>
        </test-method> <!-- selectCity -->
        <test-method signature="popularCars()[pri:3, instance:testCases.TC_002_CarDetails@39529185]" started-at="2024-04-05T16:45:54 IST" name="popularCars" finished-at="2024-04-05T16:45:54 IST" depends-on-methods="testCases.TC_002_CarDetails.selectCity" duration-ms="138" status="PASS">
          <reporter-output>
          </reporter-output>
        </test-method> <!-- popularCars -->
      </class> <!-- testCases.TC_002_CarDetails -->
      <class name="testCases.TC_001_BikeDetails">
        <test-method is-config="true" signature="setUp(java.lang.String)[pri:0, instance:testCases.TC_001_BikeDetails@2145b572]" started-at="2024-04-05T16:45:32 IST" name="setUp" finished-at="2024-04-05T16:45:41 IST" duration-ms="8604" status="PASS">
          <params>
            <param index="0">
              <value>
                <![CDATA[chrome]]>
              </value>
            </param>
          </params>
          <reporter-output>
          </reporter-output>
        </test-method> <!-- setUp -->
        <test-method signature="clickOnNewBikes()[pri:1, instance:testCases.TC_001_BikeDetails@2145b572]" started-at="2024-04-05T16:45:41 IST" name="clickOnNewBikes" finished-at="2024-04-05T16:45:42 IST" duration-ms="1025" status="PASS">
          <reporter-output>
          </reporter-output>
        </test-method> <!-- clickOnNewBikes -->
        <test-method signature="clickOnUpcomingBikes()[pri:2, instance:testCases.TC_001_BikeDetails@2145b572]" started-at="2024-04-05T16:45:43 IST" name="clickOnUpcomingBikes" finished-at="2024-04-05T16:45:45 IST" duration-ms="2422" status="PASS">
          <reporter-output>
          </reporter-output>
        </test-method> <!-- clickOnUpcomingBikes -->
        <test-method signature="selectHondaBikes()[pri:3, instance:testCases.TC_001_BikeDetails@2145b572]" started-at="2024-04-05T16:45:45 IST" name="selectHondaBikes" finished-at="2024-04-05T16:45:46 IST" duration-ms="985" status="PASS">
          <reporter-output>
          </reporter-output>
        </test-method> <!-- selectHondaBikes -->
        <test-method signature="hondaUpcomingBikes()[pri:4, instance:testCases.TC_001_BikeDetails@2145b572]" started-at="2024-04-05T16:45:47 IST" name="hondaUpcomingBikes" finished-at="2024-04-05T16:45:48 IST" depends-on-methods="testCases.TC_001_BikeDetails.selectHondaBikes" duration-ms="1264" status="PASS">
          <reporter-output>
          </reporter-output>
        </test-method> <!-- hondaUpcomingBikes -->
        <test-method is-config="true" signature="tearDown()[pri:0, instance:testCases.TC_001_BikeDetails@2145b572]" started-at="2024-04-05T16:47:22 IST" name="tearDown" finished-at="2024-04-05T16:47:23 IST" duration-ms="1140" status="PASS">
          <reporter-output>
          </reporter-output>
        </test-method> <!-- tearDown -->
      </class> <!-- testCases.TC_001_BikeDetails -->
    </test> <!-- Test -->
  </suite> <!-- Suite -->
</testng-results>
